Arguments: 
  /usr/local/bin/node /usr/share/yarn/bin/yarn.js add --dev @types/hyper

PATH: 
  /home/alex/swift/current/usr/bin:/usr/local/cuda-10.0/bin:/home/alex/miniconda3/bin:/home/alex/miniconda3/condabin:/home/alex/.sdkman/candidates/visualvm/current/bin:/home/alex/.sdkman/candidates/maven/current/bin:/home/alex/.sdkman/candidates/java/current/bin:/home/alex/.sdkman/candidates/gradle/current/bin:/home/alex/.yarn/bin:/home/alex/Android/Sdk/emulator:/home/alex/Android/Sdk/tools:/home/alex/Android/Sdk/platform-tools:/home/alex/bin:/home/alex/.local/bin:/home/alex/Android/Sdk/emulator:/home/alex/Android/Sdk/tools:/usr/local/sbin:/usr/local/bin:/usr/sbin:/usr/bin:/sbin:/bin:/usr/games:/usr/local/games:/snap/bin

Yarn version: 
  1.21.1

Node version: 
  12.16.1

Platform: 
  linux x64

Trace: 
  Error: https://registry.yarnpkg.com/@types%2fhyper: Not found
      at Request.params.callback [as _callback] (/usr/share/yarn/lib/cli.js:66947:18)
      at Request.self.callback (/usr/share/yarn/lib/cli.js:140665:22)
      at Request.emit (events.js:311:20)
      at Request.<anonymous> (/usr/share/yarn/lib/cli.js:141637:10)
      at Request.emit (events.js:311:20)
      at IncomingMessage.<anonymous> (/usr/share/yarn/lib/cli.js:141559:12)
      at Object.onceWrapper (events.js:417:28)
      at IncomingMessage.emit (events.js:323:22)
      at endReadableNT (_stream_readable.js:1204:12)
      at processTicksAndRejections (internal/process/task_queues.js:84:21)

npm manifest: 
  {
    "name": "doki-theme-hyper",
    "version": "1.0.0",
    "description": "The Doki Theme for Hyper",
    "main": "build/index.js",
    "repository": "https://github.com/Unthrottled/doki-theme-hyper.git",
    "author": "Alex Simons <alex@unthrottled.io>",
    "license": "MIT",
    "private": false,
    "scripts": {
      "build": "tsc",
      "dev":"tsc -w"
    },
    "devDependencies": {
      "@types/node": "^13.7.7",
      "typescript": "^3.8.3"
    }
  }

yarn manifest: 
  No manifest

Lockfile: 
  # THIS IS AN AUTOGENERATED FILE. DO NOT EDIT THIS FILE DIRECTLY.
  # yarn lockfile v1
  
  
  "@types/node@^13.7.7":
    version "13.7.7"
    resolved "https://registry.yarnpkg.com/@types/node/-/node-13.7.7.tgz#1628e6461ba8cc9b53196dfeaeec7b07fa6eea99"
    integrity sha512-Uo4chgKbnPNlxQwoFmYIwctkQVkMMmsAoGGU4JKwLuvBefF0pCq4FybNSnfkfRCpC7ZW7kttcC/TrRtAJsvGtg==
  
  typescript@^3.8.3:
    version "3.8.3"
    resolved "https://registry.yarnpkg.com/typescript/-/typescript-3.8.3.tgz#409eb8544ea0335711205869ec458ab109ee1061"
    integrity sha512-MYlEfn5VrLNsgudQTVJeNaQFUAI7DkhnOjdpAp4T+ku1TfQClewlbSuTVHiA+8skNBgaf02TL/kLOvig4y3G8w==
